<?xml version="1.0" encoding="UTF-8"?>
<!-- Generated by org.testng.reporters.JUnitXMLReporter -->
<testsuite ignored="5" hostname="HONASAs-MacBook-Pro.local" failures="0" tests="1" name="Default test" time="2.836" errors="0" timestamp="2022-12-26T23:48:07 IST">
  <testcase classname="com.TestCase.FiestTestCases" name="Check_entityId_of_the_user" time="0.568"/>
  <testcase classname="com.TestCase.FiestTestCases" name="generate_OTP_APITEST" time="0.0">
    <ignored/>
  </testcase> <!-- generate_OTP_APITEST -->
  <testcase classname="com.TestCase.FiestTestCases" name="verify_OTP_with_valid_credentials_APITEST" time="0.0">
    <ignored/>
  </testcase> <!-- verify_OTP_with_valid_credentials_APITEST -->
  <testcase classname="com.TestCase.FiestTestCases" name="firstTest" time="0.0">
    <ignored/>
  </testcase> <!-- firstTest -->
  <testcase classname="com.TestCase.FiestTestCases" name="verify_the_categories_APITEST" time="0.0">
    <ignored/>
  </testcase> <!-- verify_the_categories_APITEST -->
  <testcase classname="com.TestCase.FiestTestCases" name="dataBase" time="0.0">
    <ignored/>
  </testcase> <!-- dataBase -->
</testsuite> <!-- Default test -->
