<?xml version="1.0" encoding="UTF-8"?>
<!-- Generated by org.testng.reporters.JUnitXMLReporter -->
<testsuite ignored="0" hostname="ip-192-168-0-105.ap-south-1.compute.internal" failures="0" tests="6" name="Test" time="8.243" errors="0" timestamp="2022-12-27T13:36:35 IST">
  <testcase classname="com.TestCase.FiestTestCases" name="Check_entityId_of_the_user" time="0.731"/>
  <testcase classname="com.TestCase.FiestTestCases" name="dataBase" time="0.46"/>
  <testcase classname="com.TestCase.FiestTestCases" name="firstTest" time="0.356"/>
  <testcase classname="com.TestCase.FiestTestCases" name="generate_OTP_APITEST" time="0.3"/>
  <testcase classname="com.TestCase.FiestTestCases" name="verify_OTP_with_valid_credentials_APITEST" time="1.523"/>
  <testcase classname="com.TestCase.FiestTestCases" name="verify_the_categories_APITEST" time="0.378"/>
</testsuite> <!-- Test -->
