<?xml version="1.0" encoding="UTF-8"?>
<testng-results ignored="5" total="6" passed="1" failed="0" skipped="0">
  <reporter-output>
  </reporter-output>
  <suite started-at="2022-12-26T23:47:59 IST" name="Default suite" finished-at="2022-12-26T23:48:02 IST" duration-ms="2836">
    <groups>
    </groups>
    <test started-at="2022-12-26T23:47:59 IST" name="Default test" finished-at="2022-12-26T23:48:02 IST" duration-ms="2836">
      <class name="com.TestCase.FiestTestCases">
        <test-method is-config="true" signature="setUp()[pri:0, instance:com.TestCase.FiestTestCases@6ef888f6]" started-at="2022-12-26T23:47:59 IST" name="setUp" finished-at="2022-12-26T23:48:02 IST" duration-ms="2234" status="PASS">
          <reporter-output>
          </reporter-output>
        </test-method> <!-- setUp -->
        <test-method signature="Check_entityId_of_the_user()[pri:0, instance:com.TestCase.FiestTestCases@6ef888f6]" started-at="2022-12-26T23:48:02 IST" name="Check_entityId_of_the_user" finished-at="2022-12-26T23:48:02 IST" duration-ms="568" status="PASS">
          <reporter-output>
          </reporter-output>
        </test-method> <!-- Check_entityId_of_the_user -->
      </class> <!-- com.TestCase.FiestTestCases -->
    </test> <!-- Default test -->
  </suite> <!-- Default suite -->
</testng-results>
